<?xml version="1.0" encoding="UTF-8"?>
<!-- Generated by org.testng.reporters.JUnitReportReporter -->
<testsuite name="Testcases.Loginapplication" tests="1" time="87.846" ignored="0" failures="0" timestamp="05 Apr 2021 13:45:23 GMT" skipped="0" hostname="DESKTOP-QQHIPVQ" errors="0">
  <testcase name="Login" time="87.846" classname="Testcases.Loginapplication"/>
</testsuite> <!-- Testcases.Loginapplication -->
